<?xml version="1.0" encoding="UTF-8"?>
<testsuite xmlns:xsi="http://www.w3.org/2001/XMLSchema-instance" xsi:noNamespaceSchemaLocation="https://maven.apache.org/surefire/maven-surefire-plugin/xsd/surefire-test-report-3.0.xsd" version="3.0" name="com.asu.adapter.SharepointComponentComponentTest" time="0.382" tests="1" errors="0" skipped="0" failures="0">
  <properties>
    <property name="sun.desktop" value="windows"/>
    <property name="awt.toolkit" value="sun.awt.windows.WToolkit"/>
    <property name="file.encoding.pkg" value="sun.io"/>
    <property name="java.specification.version" value="1.8"/>
    <property name="sun.cpu.isalist" value="amd64"/>
    <property name="sun.jnu.encoding" value="Cp1252"/>
    <property name="java.class.path" value="C:\Users\asmaharana\Documents\Asutosh\Module\Sharepoint\target\test-classes;C:\Users\asmaharana\Documents\Asutosh\Module\Sharepoint\target\classes;C:\Users\asmaharana\.m2\repository\com\sap\cloud\adk\com.sap.cloud.adk.build.archive\1.38.0\com.sap.cloud.adk.build.archive-1.38.0.jar;C:\Users\asmaharana\.m2\repository\org\apache\maven\maven-plugin-api\2.0\maven-plugin-api-2.0.jar;C:\Users\asmaharana\.m2\repository\org\apache\aries\subsystem\org.apache.aries.subsystem.api\1.1.0\org.apache.aries.subsystem.api-1.1.0.jar;C:\Users\asmaharana\.m2\repository\org\apache\aries\org.apache.aries.util\1.1.0\org.apache.aries.util-1.1.0.jar;C:\Users\asmaharana\.m2\repository\org\ow2\asm\asm\6.2.1\asm-6.2.1.jar;C:\Users\asmaharana\.m2\repository\commons-io\commons-io\2.6\commons-io-2.6.jar;C:\Users\asmaharana\.m2\repository\org\apache\commons\commons-lang3\3.1\commons-lang3-3.1.jar;C:\Users\asmaharana\.m2\repository\org\apache\camel\camel-core\2.24.2\camel-core-2.24.2.jar;C:\Users\asmaharana\.m2\repository\com\sun\xml\bind\jaxb-core\2.3.0\jaxb-core-2.3.0.jar;C:\Users\asmaharana\.m2\repository\com\sun\xml\bind\jaxb-impl\2.3.0\jaxb-impl-2.3.0.jar;C:\Users\asmaharana\Documents\Asutosh\Module\Sharepoint\src\main\resources\com.sap.it.public.generic.api-2.25.0.jar;C:\Users\asmaharana\.m2\repository\com\fasterxml\jackson\core\jackson-databind\2.11.3\jackson-databind-2.11.3.jar;C:\Users\asmaharana\.m2\repository\com\fasterxml\jackson\core\jackson-annotations\2.11.3\jackson-annotations-2.11.3.jar;C:\Users\asmaharana\.m2\repository\com\fasterxml\jackson\core\jackson-core\2.11.3\jackson-core-2.11.3.jar;C:\Users\asmaharana\.m2\repository\org\apache\httpcomponents\httpclient-osgi\4.5.13\httpclient-osgi-4.5.13.jar;C:\Users\asmaharana\.m2\repository\org\apache\httpcomponents\httpclient\4.5.13\httpclient-4.5.13.jar;C:\Users\asmaharana\.m2\repository\commons-logging\commons-logging\1.2\commons-logging-1.2.jar;C:\Users\asmaharana\.m2\repository\commons-codec\commons-codec\1.11\commons-codec-1.11.jar;C:\Users\asmaharana\.m2\repository\org\apache\httpcomponents\httpmime\4.5.13\httpmime-4.5.13.jar;C:\Users\asmaharana\.m2\repository\org\apache\httpcomponents\httpclient-cache\4.5.13\httpclient-cache-4.5.13.jar;C:\Users\asmaharana\.m2\repository\org\apache\httpcomponents\fluent-hc\4.5.13\fluent-hc-4.5.13.jar;C:\Users\asmaharana\.m2\repository\org\apache\httpcomponents\httpcore-osgi\4.4.1\httpcore-osgi-4.4.1.jar;C:\Users\asmaharana\.m2\repository\org\apache\httpcomponents\httpcore\4.4.1\httpcore-4.4.1.jar;C:\Users\asmaharana\.m2\repository\org\apache\httpcomponents\httpcore-nio\4.4.1\httpcore-nio-4.4.1.jar;C:\Users\asmaharana\.m2\repository\org\apache\camel\camel-test\2.24.2\camel-test-2.24.2.jar;C:\Users\asmaharana\.m2\repository\junit\junit\4.12\junit-4.12.jar;C:\Users\asmaharana\.m2\repository\org\hamcrest\hamcrest-core\1.3\hamcrest-core-1.3.jar;C:\Users\asmaharana\.m2\repository\org\slf4j\slf4j-api\1.6.1\slf4j-api-1.6.1.jar;C:\Users\asmaharana\.m2\repository\org\slf4j\slf4j-log4j12\1.6.1\slf4j-log4j12-1.6.1.jar;C:\Users\asmaharana\.m2\repository\log4j\log4j\1.2.16\log4j-1.2.16.jar;"/>
    <property name="java.vm.vendor" value="Oracle Corporation"/>
    <property name="sun.arch.data.model" value="64"/>
    <property name="user.variant" value=""/>
    <property name="java.vendor.url" value="http://java.oracle.com/"/>
    <property name="user.timezone" value="Asia/Calcutta"/>
    <property name="java.vm.specification.version" value="1.8"/>
    <property name="os.name" value="Windows 10"/>
    <property name="user.country" value="US"/>
    <property name="sun.java.launcher" value="SUN_STANDARD"/>
    <property name="sun.boot.library.path" value="C:\Program Files\Java\jdk1.8.0_321\jre\bin"/>
    <property name="sun.java.command" value="C:\Users\asmaharana\AppData\Local\Temp\surefire32619482990578187\surefirebooter496029391701331664.jar C:\Users\asmaharana\AppData\Local\Temp\surefire32619482990578187 2022-05-30T15-59-28_392-jvmRun1 surefire3848022445298377761tmp surefire_04780970876696919670tmp"/>
    <property name="surefire.test.class.path" value="C:\Users\asmaharana\Documents\Asutosh\Module\Sharepoint\target\test-classes;C:\Users\asmaharana\Documents\Asutosh\Module\Sharepoint\target\classes;C:\Users\asmaharana\.m2\repository\com\sap\cloud\adk\com.sap.cloud.adk.build.archive\1.38.0\com.sap.cloud.adk.build.archive-1.38.0.jar;C:\Users\asmaharana\.m2\repository\org\apache\maven\maven-plugin-api\2.0\maven-plugin-api-2.0.jar;C:\Users\asmaharana\.m2\repository\org\apache\aries\subsystem\org.apache.aries.subsystem.api\1.1.0\org.apache.aries.subsystem.api-1.1.0.jar;C:\Users\asmaharana\.m2\repository\org\apache\aries\org.apache.aries.util\1.1.0\org.apache.aries.util-1.1.0.jar;C:\Users\asmaharana\.m2\repository\org\ow2\asm\asm\6.2.1\asm-6.2.1.jar;C:\Users\asmaharana\.m2\repository\commons-io\commons-io\2.6\commons-io-2.6.jar;C:\Users\asmaharana\.m2\repository\org\apache\commons\commons-lang3\3.1\commons-lang3-3.1.jar;C:\Users\asmaharana\.m2\repository\org\apache\camel\camel-core\2.24.2\camel-core-2.24.2.jar;C:\Users\asmaharana\.m2\repository\com\sun\xml\bind\jaxb-core\2.3.0\jaxb-core-2.3.0.jar;C:\Users\asmaharana\.m2\repository\com\sun\xml\bind\jaxb-impl\2.3.0\jaxb-impl-2.3.0.jar;C:\Users\asmaharana\Documents\Asutosh\Module\Sharepoint\src\main\resources\com.sap.it.public.generic.api-2.25.0.jar;C:\Users\asmaharana\.m2\repository\com\fasterxml\jackson\core\jackson-databind\2.11.3\jackson-databind-2.11.3.jar;C:\Users\asmaharana\.m2\repository\com\fasterxml\jackson\core\jackson-annotations\2.11.3\jackson-annotations-2.11.3.jar;C:\Users\asmaharana\.m2\repository\com\fasterxml\jackson\core\jackson-core\2.11.3\jackson-core-2.11.3.jar;C:\Users\asmaharana\.m2\repository\org\apache\httpcomponents\httpclient-osgi\4.5.13\httpclient-osgi-4.5.13.jar;C:\Users\asmaharana\.m2\repository\org\apache\httpcomponents\httpclient\4.5.13\httpclient-4.5.13.jar;C:\Users\asmaharana\.m2\repository\commons-logging\commons-logging\1.2\commons-logging-1.2.jar;C:\Users\asmaharana\.m2\repository\commons-codec\commons-codec\1.11\commons-codec-1.11.jar;C:\Users\asmaharana\.m2\repository\org\apache\httpcomponents\httpmime\4.5.13\httpmime-4.5.13.jar;C:\Users\asmaharana\.m2\repository\org\apache\httpcomponents\httpclient-cache\4.5.13\httpclient-cache-4.5.13.jar;C:\Users\asmaharana\.m2\repository\org\apache\httpcomponents\fluent-hc\4.5.13\fluent-hc-4.5.13.jar;C:\Users\asmaharana\.m2\repository\org\apache\httpcomponents\httpcore-osgi\4.4.1\httpcore-osgi-4.4.1.jar;C:\Users\asmaharana\.m2\repository\org\apache\httpcomponents\httpcore\4.4.1\httpcore-4.4.1.jar;C:\Users\asmaharana\.m2\repository\org\apache\httpcomponents\httpcore-nio\4.4.1\httpcore-nio-4.4.1.jar;C:\Users\asmaharana\.m2\repository\org\apache\camel\camel-test\2.24.2\camel-test-2.24.2.jar;C:\Users\asmaharana\.m2\repository\junit\junit\4.12\junit-4.12.jar;C:\Users\asmaharana\.m2\repository\org\hamcrest\hamcrest-core\1.3\hamcrest-core-1.3.jar;C:\Users\asmaharana\.m2\repository\org\slf4j\slf4j-api\1.6.1\slf4j-api-1.6.1.jar;C:\Users\asmaharana\.m2\repository\org\slf4j\slf4j-log4j12\1.6.1\slf4j-log4j12-1.6.1.jar;C:\Users\asmaharana\.m2\repository\log4j\log4j\1.2.16\log4j-1.2.16.jar;"/>
    <property name="sun.cpu.endian" value="little"/>
    <property name="user.home" value="C:\Users\asmaharana"/>
    <property name="user.language" value="en"/>
    <property name="java.specification.vendor" value="Oracle Corporation"/>
    <property name="java.home" value="C:\Program Files\Java\jdk1.8.0_321\jre"/>
    <property name="basedir" value="C:\Users\asmaharana\Documents\Asutosh\Module\Sharepoint"/>
    <property name="file.separator" value="\"/>
    <property name="line.separator" value="&#10;"/>
    <property name="java.vm.specification.vendor" value="Oracle Corporation"/>
    <property name="java.specification.name" value="Java Platform API Specification"/>
    <property name="java.awt.graphicsenv" value="sun.awt.Win32GraphicsEnvironment"/>
    <property name="surefire.real.class.path" value="C:\Users\asmaharana\AppData\Local\Temp\surefire32619482990578187\surefirebooter496029391701331664.jar"/>
    <property name="sun.boot.class.path" value="C:\Program Files\Java\jdk1.8.0_321\jre\lib\resources.jar;C:\Program Files\Java\jdk1.8.0_321\jre\lib\rt.jar;C:\Program Files\Java\jdk1.8.0_321\jre\lib\sunrsasign.jar;C:\Program Files\Java\jdk1.8.0_321\jre\lib\jsse.jar;C:\Program Files\Java\jdk1.8.0_321\jre\lib\jce.jar;C:\Program Files\Java\jdk1.8.0_321\jre\lib\charsets.jar;C:\Program Files\Java\jdk1.8.0_321\jre\lib\jfr.jar;C:\Program Files\Java\jdk1.8.0_321\jre\classes"/>
    <property name="user.script" value=""/>
    <property name="sun.management.compiler" value="HotSpot 64-Bit Tiered Compilers"/>
    <property name="java.runtime.version" value="1.8.0_321-b07"/>
    <property name="user.name" value="asmaharana"/>
    <property name="path.separator" value=";"/>
    <property name="os.version" value="10.0"/>
    <property name="java.endorsed.dirs" value="C:\Program Files\Java\jdk1.8.0_321\jre\lib\endorsed"/>
    <property name="java.runtime.name" value="Java(TM) SE Runtime Environment"/>
    <property name="file.encoding" value="Cp1252"/>
    <property name="java.vm.name" value="Java HotSpot(TM) 64-Bit Server VM"/>
    <property name="localRepository" value="C:\Users\asmaharana\.m2\repository"/>
    <property name="java.vendor.url.bug" value="http://bugreport.sun.com/bugreport/"/>
    <property name="java.io.tmpdir" value="C:\Users\ASMAHA~1\AppData\Local\Temp\"/>
    <property name="idea.version" value="2022.1"/>
    <property name="java.version" value="1.8.0_321"/>
    <property name="user.dir" value="C:\Users\asmaharana\Documents\Asutosh\Module\Sharepoint"/>
    <property name="os.arch" value="amd64"/>
    <property name="java.vm.specification.name" value="Java Virtual Machine Specification"/>
    <property name="java.awt.printerjob" value="sun.awt.windows.WPrinterJob"/>
    <property name="sun.os.patch.level" value=""/>
    <property name="java.library.path" value="C:\Program Files\Java\jdk1.8.0_321\jre\bin;C:\WINDOWS\Sun\Java\bin;C:\WINDOWS\system32;C:\WINDOWS;C:\Program Files\Common Files\Oracle\Java\javapath;C:\Program Files (x86)\Common Files\Oracle\Java\javapath;C:\WINDOWS\system32;C:\WINDOWS;C:\WINDOWS\System32\Wbem;C:\WINDOWS\System32\WindowsPowerShell\v1.0\;C:\WINDOWS\System32\OpenSSH\;C:\Users\asmaharana\AppData\Local\Microsoft\WindowsApps;C:\Program Files\Java\jdk-18.0.1.1\bin;C:\Users\asmaharana\AppData\Local\Microsoft\WindowsApps;C:\Users\asmaharana\AppData\Local\Programs\Git\cmd;C:\Program Files\Java\jdk1.8.0_321\bin;;."/>
    <property name="java.vm.info" value="mixed mode"/>
    <property name="java.vendor" value="Oracle Corporation"/>
    <property name="java.vm.version" value="25.321-b07"/>
    <property name="java.ext.dirs" value="C:\Program Files\Java\jdk1.8.0_321\jre\lib\ext;C:\WINDOWS\Sun\Java\lib\ext"/>
    <property name="sun.io.unicode.encoding" value="UnicodeLittle"/>
    <property name="java.class.version" value="52.0"/>
  </properties>
  <testcase name="testSample" classname="com.asu.adapter.SharepointComponentComponentTest" time="0.31">
    <system-err><![CDATA[log4j:WARN No appenders could be found for logger (com.asu.adapter.SharepointComponentComponentTest).
log4j:WARN Please initialize the log4j system properly.
log4j:WARN See http://logging.apache.org/log4j/1.2/faq.html#noconfig for more info.
]]></system-err>
  </testcase>
</testsuite>